<?xml version="1.0" encoding="UTF-8"?>
<!-- Generated by org.testng.reporters.JUnitReportReporter -->
<testsuite skipped="0" hostname="DESKTOP-EABANGH" name="net.centro.test.CentroTest" tests="1" failures="0" timestamp="2020-01-11T15:57:53 EST" time="8.375" errors="0">
  <testcase name="checkOpenedEngineeringPositionsInToronto" time="8.375" classname="net.centro.test.CentroTest"/>
  <system-out/>
</testsuite> <!-- net.centro.test.CentroTest -->
